<?xml version="1.0" encoding="UTF-8"?>
<!-- Generated by org.testng.reporters.JUnitReportReporter -->
<testsuite hostname="LAPTOP-OOVKS7NR" failures="0" tests="1" name="testBase.TC_001_registrantion" time="2.531" errors="0" timestamp="2025-08-18T23:42:21 IST" skipped="0">
  <testcase classname="testBase.TC_001_registrantion" name="loginManual" time="2.531"/>
</testsuite> <!-- testBase.TC_001_registrantion -->
