<?xml version="1.0" encoding="UTF-8"?>
<!-- Generated by org.testng.reporters.JUnitReportReporter -->
<testsuite hostname="LAPTOP-OOVKS7NR" failures="0" tests="1" name="testBase.TG_AccountRegistration" time="5.170" errors="0" timestamp="2025-08-03T17:18:39 IST" skipped="0">
  <testcase classname="testBase.TG_AccountRegistration" name="verify_account_registration" time="5.170"/>
</testsuite> <!-- testBase.TG_AccountRegistration -->
