<?xml version="1.0" encoding="UTF-8"?>
<!-- Generated by org.testng.reporters.JUnitReportReporter -->
<testsuite hostname="LAPTOP-OOVKS7NR" failures="0" tests="1" name="PageObject.Myntra_task" time="8.704" errors="0" timestamp="2025-08-21T17:42:40 IST" skipped="0">
  <testcase classname="PageObject.Myntra_task" name="addAndRemoveFromCart" time="8.704"/>
</testsuite> <!-- PageObject.Myntra_task -->
