<?xml version="1.0" encoding="UTF-8"?>
<!-- Generated by org.testng.reporters.JUnitReportReporter -->
<testsuite hostname="LAPTOP-OOVKS7NR" failures="0" tests="1" name="testBase.Register_havingProperPlceholder" time="0.775" errors="0" timestamp="2025-08-20T23:52:20 IST" skipped="0">
  <testcase classname="testBase.Register_havingProperPlceholder" name="Plceholder" time="0.775"/>
</testsuite> <!-- testBase.Register_havingProperPlceholder -->
